{"level":"error","message":"Order not found: f47a1688-65a4-43d8-b9c2-94856f6d3194","timestamp":"2024-05-24T07:09:34.743Z"}
{"level":"error","message":"Order not found: 1889d32b-0785-4328-9bb4","timestamp":"2024-05-24T07:10:01.674Z"}
{"level":"error","message":"Error in removeProducts: \nInvalid `prisma.product.delete()` invocation:\n\n\nAn operation failed because it depends on one or more records that were required but not found. Record to delete does not exist.","timestamp":"2024-05-24T08:32:59.091Z"}
{"level":"error","message":"Error in removeProducts: \nInvalid `prisma.product.delete()` invocation:\n\n\nAn operation failed because it depends on one or more records that were required but not found. Record to delete does not exist.","timestamp":"2024-05-24T08:32:59.685Z"}
{"level":"error","message":"Order not found: 1889d32b-0785-4328-9bb4-c6375733545b","timestamp":"2024-05-24T08:35:36.314Z"}
{"level":"error","message":"Error in removeOrder: \nInvalid `prisma.order.delete()` invocation:\n\n\nAn operation failed because it depends on one or more records that were required but not found. Record to delete does not exist.","timestamp":"2024-05-24T09:38:48.580Z"}
{"level":"error","message":"Error in removeOrder: \nInvalid `prisma.order.delete()` invocation:\n\n\nAn operation failed because it depends on one or more records that were required but not found. Record to delete does not exist.","timestamp":"2024-05-24T09:38:49.062Z"}
{"level":"error","message":"Error in removeOrder: \nInvalid `prisma.order.delete()` invocation:\n\n\nAn operation failed because it depends on one or more records that were required but not found. Record to delete does not exist.","timestamp":"2024-05-24T10:06:02.513Z"}
{"level":"error","message":"Error in removeOrder: \nInvalid `prisma.order.delete()` invocation:\n\n\nAn operation failed because it depends on one or more records that were required but not found. Record to delete does not exist.","timestamp":"2024-05-24T10:06:02.960Z"}
{"level":"error","message":"Error in removeOrder: \nInvalid `prisma.order.delete()` invocation:\n\n\nAn operation failed because it depends on one or more records that were required but not found. Record to delete does not exist.","timestamp":"2024-05-24T10:06:04.366Z"}
{"level":"error","message":"Error in removeOrder: \nInvalid `prisma.order.delete()` invocation:\n\n\nAn operation failed because it depends on one or more records that were required but not found. Record to delete does not exist.","timestamp":"2024-05-24T10:06:04.892Z"}
{"level":"error","message":"Error in removeOrder: \nInvalid `prisma.order.delete()` invocation:\n\n\nAn operation failed because it depends on one or more records that were required but not found. Record to delete does not exist.","timestamp":"2024-05-24T10:06:05.319Z"}
{"level":"error","message":"Error in removeOrder: \nInvalid `prisma.order.delete()` invocation:\n\n\nAn operation failed because it depends on one or more records that were required but not found. Record to delete does not exist.","timestamp":"2024-05-24T10:06:05.644Z"}
{"level":"error","message":"Error in removeOrder: \nInvalid `prisma.order.delete()` invocation:\n\n\nAn operation failed because it depends on one or more records that were required but not found. Record to delete does not exist.","timestamp":"2024-05-24T10:06:05.888Z"}
{"level":"error","message":"Error in removeOrder: \nInvalid `prisma.order.delete()` invocation:\n\n\nAn operation failed because it depends on one or more records that were required but not found. Record to delete does not exist.","timestamp":"2024-05-24T10:06:06.209Z"}
{"level":"error","message":"Error in removeOrder: \nInvalid `prisma.order.delete()` invocation:\n\n\nAn operation failed because it depends on one or more records that were required but not found. Record to delete does not exist.","timestamp":"2024-05-24T10:12:46.360Z"}
{"level":"error","message":"Error in removeOrder: \nInvalid `prisma.order.delete()` invocation:\n\n\nAn operation failed because it depends on one or more records that were required but not found. Record to delete does not exist.","timestamp":"2024-05-24T10:12:46.744Z"}
{"level":"error","message":"Error in allOrders: \nInvalid `prisma.order.findMany()` invocation:\n\n\nCannot select both '$scalars: true' and a specific scalar field 'Product'.","timestamp":"2024-05-24T10:14:28.694Z"}
{"level":"error","message":"Error in allOrders: \nInvalid `prisma.order.findMany()` invocation:\n\n\nCannot select both '$scalars: true' and a specific scalar field 'Product'.","timestamp":"2024-05-24T10:14:38.239Z"}
{"level":"error","message":"Error in removeOrder: \nInvalid `prisma.order.delete()` invocation:\n\n\nAn operation failed because it depends on one or more records that were required but not found. Record to delete does not exist.","timestamp":"2024-05-24T10:15:16.476Z"}
{"level":"error","message":"Error in removeOrder: \nInvalid `prisma.order.delete()` invocation:\n\n\nAn operation failed because it depends on one or more records that were required but not found. Record to delete does not exist.","timestamp":"2024-05-24T10:15:16.944Z"}
{"level":"error","message":"Error in removeOrder: \nInvalid `prisma.order.delete()` invocation:\n\n\nAn operation failed because it depends on one or more records that were required but not found. Record to delete does not exist.","timestamp":"2024-05-24T10:15:17.164Z"}
{"level":"error","message":"Error in removeOrder: \nInvalid `prisma.order.delete()` invocation:\n\n\nAn operation failed because it depends on one or more records that were required but not found. Record to delete does not exist.","timestamp":"2024-05-24T10:15:17.437Z"}
{"level":"error","message":"Error in removeOrder: \nInvalid `prisma.order.delete()` invocation:\n\n\nAn operation failed because it depends on one or more records that were required but not found. Record to delete does not exist.","timestamp":"2024-05-24T10:15:17.718Z"}
{"level":"error","message":"Error in removeOrder: \nInvalid `prisma.order.delete()` invocation:\n\n\nAn operation failed because it depends on one or more records that were required but not found. Record to delete does not exist.","timestamp":"2024-05-24T10:15:17.803Z"}
{"level":"error","message":"Error in removeOrder: \nInvalid `prisma.order.delete()` invocation:\n\n\nAn operation failed because it depends on one or more records that were required but not found. Record to delete does not exist.","timestamp":"2024-05-24T10:15:17.992Z"}
{"level":"error","message":"Error in removeOrder: \nInvalid `prisma.order.delete()` invocation:\n\n\nAn operation failed because it depends on one or more records that were required but not found. Record to delete does not exist.","timestamp":"2024-05-24T10:15:18.051Z"}
{"level":"error","message":"Error in allOrders: \nInvalid `prisma.order.findMany()` invocation:\n\n\nCannot select both '$scalars: true' and a specific scalar field 'product'.","timestamp":"2024-05-24T10:39:11.723Z"}
{"level":"error","message":"Error in removeOrder: \nInvalid `prisma.order.delete()` invocation:\n\n\nAn operation failed because it depends on one or more records that were required but not found. Record to delete does not exist.","timestamp":"2024-05-24T10:39:11.727Z"}
{"level":"error","message":"Error in allOrders: \nInvalid `prisma.order.findMany()` invocation:\n\n\nCannot select both '$scalars: true' and a specific scalar field 'product'.","timestamp":"2024-05-24T10:39:12.092Z"}
{"level":"error","message":"Error in removeOrder: \nInvalid `prisma.order.delete()` invocation:\n\n\nAn operation failed because it depends on one or more records that were required but not found. Record to delete does not exist.","timestamp":"2024-05-24T10:39:12.394Z"}
{"level":"error","message":"Error in allOrders: \nInvalid `prisma.order.findMany()` invocation:\n\n\nCannot select both '$scalars: true' and a specific scalar field 'product'.","timestamp":"2024-05-24T10:39:37.162Z"}
{"level":"error","message":"Error in allOrders: \nInvalid `prisma.order.findMany()` invocation:\n\n\nCannot select both '$scalars: true' and a specific scalar field 'product'.","timestamp":"2024-05-24T10:39:37.493Z"}
{"level":"error","message":"Error in allOrders: \nInvalid `prisma.order.findMany()` invocation:\n\n\nCannot select both '$scalars: true' and a specific scalar field 'product'.","timestamp":"2024-05-24T10:39:44.610Z"}
{"level":"error","message":"Error in allOrders: \nInvalid `prisma.order.findMany()` invocation:\n\n\nCannot select both '$scalars: true' and a specific scalar field 'product'.","timestamp":"2024-05-24T10:39:45.148Z"}
{"level":"error","message":"Error in addOrder: \nInvalid `prisma.order.create()` invocation:\n\n{\n  data: {\n    productId: \"3e0f20d2-7080-4419-ae04-2587a7aa8d3c\",\n    quantity: 1,\n    ~~~~~~~~\n    total: 1,\n    userId: \"6cd5037f-9a1d-4bd3-bc96-59ef633e4dc6\",\n?   id?: String,\n?   createdAt?: DateTime,\n?   productsInOrder?: ProductInOrderUncheckedCreateNestedManyWithoutOrderInput\n  }\n}\n\nUnknown argument `quantity`. Available options are marked with ?.","timestamp":"2024-05-24T10:45:19.098Z"}
{"level":"error","message":"Error in addOrder: productsInOrder is not defined","timestamp":"2024-05-24T10:47:24.998Z"}
